\BOOKMARK [1][-]{section.1}{\376\377\000I\000n\000t\000r\000o\000d\000u\000c\000t\000i\000o\000n}{}% 1
\BOOKMARK [2][-]{subsection.1.1}{\376\377\000D\000e\000f\000i\000n\000i\000t\000i\000o\000n\000s}{section.1}% 2
\BOOKMARK [2][-]{subsection.1.2}{\376\377\000O\000v\000e\000r\000v\000i\000e\000w\000\040\000o\000f\000\040\000c\000n\000f\000.\000p\000y}{section.1}% 3
\BOOKMARK [2][-]{subsection.1.3}{\376\377\000I\000m\000p\000o\000r\000t\000s\000\040\000a\000n\000d\000\040\000d\000e\000p\000e\000n\000d\000e\000n\000c\000i\000e\000s}{section.1}% 4
\BOOKMARK [1][-]{section.2}{\376\377\000T\000y\000p\000e\000s\000\040\000a\000n\000d\000\040\000t\000h\000e\000i\000r\000\040\000c\000o\000n\000s\000t\000r\000u\000c\000t\000o\000r\000\040\000f\000u\000n\000c\000t\000i\000o\000n\000s}{}% 5
\BOOKMARK [2][-]{subsection.2.1}{\376\377\000V\000a\000r\000i\000a\000b\000l\000e\000s}{section.2}% 6
\BOOKMARK [2][-]{subsection.2.2}{\376\377\000L\000i\000t\000s}{section.2}% 7
\BOOKMARK [2][-]{subsection.2.3}{\376\377\000B\000o\000o\000l\000s}{section.2}% 8
\BOOKMARK [2][-]{subsection.2.4}{\376\377\000C\000l\000a\000u\000s\000e\000s}{section.2}% 9
\BOOKMARK [2][-]{subsection.2.5}{\376\377\000C\000n\000f\000s}{section.2}% 10
\BOOKMARK [2][-]{subsection.2.6}{\376\377\000A\000s\000s\000i\000g\000n\000m\000e\000n\000t\000s}{section.2}% 11
\BOOKMARK [2][-]{subsection.2.7}{\376\377\000H\000e\000l\000p\000f\000u\000l\000\040\000c\000o\000n\000s\000t\000a\000n\000t\000s}{section.2}% 12
\BOOKMARK [1][-]{section.3}{\376\377\000B\000a\000s\000i\000c\000\040\000f\000u\000n\000c\000t\000i\000o\000n\000s}{}% 13
\BOOKMARK [2][-]{subsection.3.1}{\376\377\000N\000e\000g\000a\000t\000i\000o\000n\000\040\000o\000f\000\040\000l\000i\000t\000e\000r\000a\000l\000s}{section.3}% 14
\BOOKMARK [2][-]{subsection.3.2}{\376\377\000A\000b\000s\000o\000l\000u\000t\000e\000\040\000v\000a\000l\000u\000e\000\040\000o\000f\000\040\000l\000i\000t\000e\000r\000a\000l\000s}{section.3}% 15
\BOOKMARK [2][-]{subsection.3.3}{\376\377\000L\000i\000t\000e\000r\000a\000l\000s\000\040\000i\000n\000\040\000a\000\040\000C\000n\000f}{section.3}% 16
\BOOKMARK [1][-]{section.4}{\376\377\000F\000u\000n\000c\000t\000i\000o\000n\000s\000\040\000f\000o\000r\000\040\000s\000i\000m\000p\000l\000i\000f\000i\000c\000a\000t\000i\000o\000n}{}% 17
\BOOKMARK [2][-]{subsection.4.1}{\376\377\000T\000a\000u\000t\000o\000l\000o\000g\000i\000c\000a\000l\000l\000y\000\040\000r\000e\000d\000u\000c\000e\000\040\000c\000l\000a\000u\000s\000e\000s}{section.4}% 18
\BOOKMARK [2][-]{subsection.4.2}{\376\377\000T\000a\000u\000t\000o\000l\000o\000g\000i\000c\000a\000l\000l\000y\000\040\000r\000e\000d\000u\000c\000e\000\040\000C\000n\000f\000s}{section.4}% 19
\BOOKMARK [1][-]{section.5}{\376\377\000F\000u\000n\000c\000t\000i\000o\000n\000s\000\040\000f\000o\000r\000\040\000a\000s\000s\000i\000g\000n\000m\000e\000n\000t}{}% 20
\BOOKMARK [2][-]{subsection.5.1}{\376\377\000A\000s\000s\000i\000g\000n\000\040\000t\000o\000\040\000v\000a\000r\000i\000a\000b\000l\000e\000\040\000i\000n\000\040\000l\000i\000t\000e\000r\000a\000l\000s}{section.5}% 21
\BOOKMARK [2][-]{subsection.5.2}{\376\377\000A\000s\000s\000i\000g\000n\000\040\000t\000o\000\040\000v\000a\000r\000i\000a\000b\000l\000e\000\040\000i\000n\000\040\000c\000l\000a\000u\000s\000e\000s}{section.5}% 22
\BOOKMARK [2][-]{subsection.5.3}{\376\377\000A\000s\000s\000i\000g\000n\000\040\000t\000o\000\040\000v\000a\000r\000i\000a\000b\000l\000e\000\040\000i\000n\000\040\000C\000n\000f}{section.5}% 23
\BOOKMARK [2][-]{subsection.5.4}{\376\377\000A\000s\000s\000i\000g\000n}{section.5}% 24
\BOOKMARK [2][-]{subsection.5.5}{\376\377\000E\000q\000u\000i\000-\000s\000a\000t\000i\000s\000f\000i\000a\000b\000i\000l\000i\000t\000y\000\040\000o\000f\000\040\000C\000n\000f\000s}{section.5}% 25
\BOOKMARK [1][-]{section.6}{\376\377\000S\000t\000a\000n\000d\000a\000l\000o\000n\000e\000\040\000s\000c\000r\000i\000p\000t\000\040\000r\000u\000n\000\040\000c\000o\000m\000m\000a\000n\000d\000s}{}% 26
\BOOKMARK [1][-]{section.7}{\376\377\000T\000a\000n\000g\000l\000i\000n\000g}{}% 27
